<?xml version="1.0" encoding="UTF-8"?>
<!-- Generated by org.testng.reporters.JUnitReportReporter -->
<testsuite hostname="DESKTOP-V07OTS6" failures="0" tests="2" name="com.test.java.LogIn" time="10.901" errors="0" timestamp="2022-01-05T09:16:21 IST" skipped="0">
  <testcase classname="com.test.java.LogIn" name="LaunchApplication" time="4.285"/>
  <system-out/>
  <testcase classname="com.test.java.LogIn" name="LogInwithAccountNumberandPassword" time="6.616"/>
  <system-out/>
</testsuite> <!-- com.test.java.LogIn -->
