<?xml version="1.0" encoding="UTF-8"?>
<!-- Generated by org.testng.reporters.JUnitReportReporter -->
<testsuite hostname="DESKTOP-V07OTS6" failures="0" tests="8" name="com.test.java.LogIn" time="101.919" errors="0" timestamp="2022-01-05T16:24:13 IST" skipped="0">
  <testcase classname="com.test.java.LogIn" name="LaunchApplication" time="20.663"/>
  <system-out/>
  <testcase classname="com.test.java.LogIn" name="LogInwithAccountNumberandPassword" time="18.898"/>
  <system-out/>
  <testcase classname="com.test.java.LogIn" name="SearchSKU" time="10.496"/>
  <system-out/>
  <testcase classname="com.test.java.LogIn" name="Addproduct" time="10.388"/>
  <system-out/>
  <testcase classname="com.test.java.LogIn" name="Clickminicart" time="14.876"/>
  <system-out/>
  <testcase classname="com.test.java.LogIn" name="ProceedtoCheckout" time="13.595"/>
  <system-out/>
  <testcase classname="com.test.java.LogIn" name="PlaceOrder" time="12.869"/>
  <system-out/>
  <testcase classname="com.test.java.LogIn" name="GetOrderNumber" time="0.134"/>
  <system-out/>
</testsuite> <!-- com.test.java.LogIn -->
